Arguments: 
  C:\Program Files\nodejs\node.exe C:\Program Files\Yarn\bin\yarn.js

PATH: 
  C:\Users\Felipe\bin;C:\Program Files\Git\mingw32\bin;C:\Program Files\Git\usr\local\bin;C:\Program Files\Git\usr\bin;C:\Program Files\Git\usr\bin;C:\Program Files\Git\mingw32\bin;C:\Program Files\Git\usr\bin;C:\Users\Felipe\bin;C:\Windows\system32;C:\Windows;C:\Windows\System32\Wbem;C:\Windows\System32\WindowsPowerShell\v1.0;C:\Program Files\Git\cmd;C:\Program Files\nodejs;C:\Program Files\Intel\OpenCL SDK\2.0\bin\x86;C:\Program Files\Yarn\bin;C:\Users\Felipe\AppData\Roaming\npm;C:\Users\Felipe\AppData\Local\Yarn\bin;C:\Program Files\heroku\bin;C:\Program Files\Git\usr\bin\vendor_perl;C:\Program Files\Git\usr\bin\core_perl

Yarn version: 
  1.22.5

Node version: 
  14.13.1

Platform: 
  win32 ia32

Trace: 
  Error: EPERM: operation not permitted, copyfile 'C:\Users\Felipe\AppData\Local\Yarn\Cache\v6\npm-typeorm-0.2.28-828df288d01ca75b38e990fa1628a7cd5a29f39f-integrity\node_modules\typeorm\query-builder\SelectQueryBuilderOption.d.ts' -> 'C:\Users\Felipe\Desktop\happy_react\backend\node_modules\typeorm\query-builder\SelectQueryBuilderOption.d.ts'

npm manifest: 
  {
    "name": "backend",
    "version": "1.0.0",
    "main": "server.js",
    "license": "MIT",
    "engines": {
      "node": "14.x",
      "yarn": "1.x",
      "npm": "6.x"
    },
    "scripts": {
      "dev": "ts-node-dev --transpile-only --ignore-watch node_modules src/server.ts",
      "typeorm": "ts-node-dev ./node_modules/typeorm/cli.js"
    },
    "dependencies": {
      "@types/cors": "^2.8.8",
      "@types/express": "^4.17.8",
      "@types/multer": "^1.4.4",
      "@types/yup": "^0.29.8",
      "cors": "^2.8.5",
      "express": "^4.17.1",
      "express-async-errors": "^3.1.1",
      "multer": "^1.4.2",
      "sqlite3": "^5.0.0",
      "typeorm": "^0.2.28",
      "typescript": "^4.0.3",
      "yup": "^0.29.3"
    },
    "type": "module",
    "devDependencies": {
      "ts-node-dev": "^1.0.0-pre.63"
    },
    "repository": "https://github.com/arrowgreen18/happy.app.backend.git",
    "author": "<fm3209742@gmail.com>"
  }

yarn manifest: 
  No manifest

Lockfile: 
  No lockfile
